[2024-09-10T13:31:03.346+0000] {local_task_job_runner.py:123} INFO - ::group::Pre task execution logs
[2024-09-10T13:31:03.567+0000] {taskinstance.py:2612} INFO - Dependencies all met for dep_context=non-requeueable deps ti=<TaskInstance: detect_1fn_anomalies_dag.detect_1nf_and_insert_anomalies scheduled__2024-09-10T13:15:00+00:00 [queued]>
[2024-09-10T13:31:03.595+0000] {taskinstance.py:2612} INFO - Dependencies all met for dep_context=requeueable deps ti=<TaskInstance: detect_1fn_anomalies_dag.detect_1nf_and_insert_anomalies scheduled__2024-09-10T13:15:00+00:00 [queued]>
[2024-09-10T13:31:03.597+0000] {taskinstance.py:2865} INFO - Starting attempt 1 of 2
[2024-09-10T13:31:03.628+0000] {taskinstance.py:2888} INFO - Executing <Task(PythonOperator): detect_1nf_and_insert_anomalies> on 2024-09-10 13:15:00+00:00
[2024-09-10T13:31:03.650+0000] {logging_mixin.py:190} WARNING - /home/airflow/.local/lib/python3.12/site-packages/airflow/task/task_runner/standard_task_runner.py:70 DeprecationWarning: This process (pid=427) is multi-threaded, use of fork() may lead to deadlocks in the child.
[2024-09-10T13:31:03.652+0000] {standard_task_runner.py:72} INFO - Started process 440 to run task
[2024-09-10T13:31:03.653+0000] {standard_task_runner.py:104} INFO - Running: ['airflow', 'tasks', 'run', 'detect_1fn_anomalies_dag', 'detect_1nf_and_insert_anomalies', 'scheduled__2024-09-10T13:15:00+00:00', '--job-id', '2279', '--raw', '--subdir', 'DAGS_FOLDER/Dag_detect_1FN_anomaly.py', '--cfg-path', '/tmp/tmpg5dqqk5q']
[2024-09-10T13:31:03.660+0000] {standard_task_runner.py:105} INFO - Job 2279: Subtask detect_1nf_and_insert_anomalies
[2024-09-10T13:31:04.138+0000] {task_command.py:467} INFO - Running <TaskInstance: detect_1fn_anomalies_dag.detect_1nf_and_insert_anomalies scheduled__2024-09-10T13:15:00+00:00 [running]> on host 5f241b76205c
[2024-09-10T13:31:04.891+0000] {taskinstance.py:3131} INFO - Exporting env vars: AIRFLOW_CTX_DAG_OWNER='airflow' AIRFLOW_CTX_DAG_ID='detect_1fn_anomalies_dag' AIRFLOW_CTX_TASK_ID='detect_1nf_and_insert_anomalies' AIRFLOW_CTX_EXECUTION_DATE='2024-09-10T13:15:00+00:00' AIRFLOW_CTX_TRY_NUMBER='1' AIRFLOW_CTX_DAG_RUN_ID='scheduled__2024-09-10T13:15:00+00:00'
[2024-09-10T13:31:04.893+0000] {taskinstance.py:731} INFO - ::endgroup::
[2024-09-10T13:31:05.063+0000] {Dag_detect_1FN_anomaly.py:91} INFO - Processing table: customers
[2024-09-10T13:31:05.446+0000] {Dag_detect_1FN_anomaly.py:98} INFO - No anomalies detected for table customers
[2024-09-10T13:31:05.448+0000] {Dag_detect_1FN_anomaly.py:91} INFO - Processing table: transactions
[2024-09-10T13:31:05.973+0000] {Dag_detect_1FN_anomaly.py:98} INFO - No anomalies detected for table transactions
[2024-09-10T13:31:05.974+0000] {Dag_detect_1FN_anomaly.py:91} INFO - Processing table: products
[2024-09-10T13:31:06.403+0000] {Dag_detect_1FN_anomaly.py:98} INFO - No anomalies detected for table products
[2024-09-10T13:31:06.404+0000] {Dag_detect_1FN_anomaly.py:91} INFO - Processing table: orderdetails
[2024-09-10T13:31:06.739+0000] {Dag_detect_1FN_anomaly.py:98} INFO - No anomalies detected for table orderdetails
[2024-09-10T13:31:06.740+0000] {Dag_detect_1FN_anomaly.py:91} INFO - Processing table: productsuppliers
[2024-09-10T13:31:07.131+0000] {Dag_detect_1FN_anomaly.py:98} INFO - No anomalies detected for table productsuppliers
[2024-09-10T13:31:07.132+0000] {Dag_detect_1FN_anomaly.py:91} INFO - Processing table: anomalies
[2024-09-10T13:31:07.478+0000] {Dag_detect_1FN_anomaly.py:95} INFO - Inserting 2 anomalies for table anomalies
[2024-09-10T13:31:09.549+0000] {Dag_detect_1FN_anomaly.py:91} INFO - Processing table: log
[2024-09-10T13:31:10.319+0000] {Dag_detect_1FN_anomaly.py:95} INFO - Inserting 5741 anomalies for table log
[2024-09-10T13:44:37.719+0000] {Dag_detect_1FN_anomaly.py:91} INFO - Processing table: dag_priority_parsing_request
[2024-09-10T13:44:39.160+0000] {Dag_detect_1FN_anomaly.py:98} INFO - No anomalies detected for table dag_priority_parsing_request
[2024-09-10T13:44:39.161+0000] {Dag_detect_1FN_anomaly.py:91} INFO - Processing table: job
[2024-09-10T13:44:39.741+0000] {Dag_detect_1FN_anomaly.py:98} INFO - No anomalies detected for table job
[2024-09-10T13:44:39.744+0000] {Dag_detect_1FN_anomaly.py:91} INFO - Processing table: anomalies1
[2024-09-10T13:44:40.052+0000] {Dag_detect_1FN_anomaly.py:95} INFO - Inserting 2 anomalies for table anomalies1
[2024-09-10T13:44:40.440+0000] {Dag_detect_1FN_anomaly.py:91} INFO - Processing table: slot_pool
[2024-09-10T13:44:40.694+0000] {Dag_detect_1FN_anomaly.py:98} INFO - No anomalies detected for table slot_pool
[2024-09-10T13:44:40.696+0000] {Dag_detect_1FN_anomaly.py:91} INFO - Processing table: callback_request
[2024-09-10T13:44:41.061+0000] {Dag_detect_1FN_anomaly.py:98} INFO - No anomalies detected for table callback_request
[2024-09-10T13:44:41.062+0000] {Dag_detect_1FN_anomaly.py:91} INFO - Processing table: dag_code
[2024-09-10T13:44:41.270+0000] {Dag_detect_1FN_anomaly.py:95} INFO - Inserting 15 anomalies for table dag_code
[2024-09-10T13:44:43.253+0000] {Dag_detect_1FN_anomaly.py:91} INFO - Processing table: dag_pickle
[2024-09-10T13:44:43.588+0000] {Dag_detect_1FN_anomaly.py:98} INFO - No anomalies detected for table dag_pickle
[2024-09-10T13:44:43.591+0000] {Dag_detect_1FN_anomaly.py:91} INFO - Processing table: ab_user
[2024-09-10T13:44:44.193+0000] {logging_mixin.py:190} WARNING - /opt/airflow/dags/Dag_detect_1FN_anomaly.py:39 SAWarning: Skipped unsupported reflection of expression-based index idx_ab_user_username
[2024-09-10T13:44:44.241+0000] {Dag_detect_1FN_anomaly.py:98} INFO - No anomalies detected for table ab_user
[2024-09-10T13:44:44.243+0000] {Dag_detect_1FN_anomaly.py:91} INFO - Processing table: ab_register_user
[2024-09-10T13:44:44.553+0000] {logging_mixin.py:190} WARNING - /opt/airflow/dags/Dag_detect_1FN_anomaly.py:39 SAWarning: Skipped unsupported reflection of expression-based index idx_ab_register_user_username
[2024-09-10T13:44:44.580+0000] {Dag_detect_1FN_anomaly.py:98} INFO - No anomalies detected for table ab_register_user
[2024-09-10T13:44:44.582+0000] {Dag_detect_1FN_anomaly.py:91} INFO - Processing table: connection
[2024-09-10T13:44:44.913+0000] {Dag_detect_1FN_anomaly.py:98} INFO - No anomalies detected for table connection
[2024-09-10T13:44:44.914+0000] {Dag_detect_1FN_anomaly.py:91} INFO - Processing table: sla_miss
[2024-09-10T13:44:45.250+0000] {Dag_detect_1FN_anomaly.py:98} INFO - No anomalies detected for table sla_miss
[2024-09-10T13:44:45.251+0000] {Dag_detect_1FN_anomaly.py:91} INFO - Processing table: variable
[2024-09-10T13:44:45.575+0000] {Dag_detect_1FN_anomaly.py:98} INFO - No anomalies detected for table variable
[2024-09-10T13:44:45.576+0000] {Dag_detect_1FN_anomaly.py:91} INFO - Processing table: import_error
[2024-09-10T13:44:45.861+0000] {Dag_detect_1FN_anomaly.py:98} INFO - No anomalies detected for table import_error
[2024-09-10T13:44:45.862+0000] {Dag_detect_1FN_anomaly.py:91} INFO - Processing table: serialized_dag
[2024-09-10T13:44:46.130+0000] {Dag_detect_1FN_anomaly.py:98} INFO - No anomalies detected for table serialized_dag
[2024-09-10T13:44:46.131+0000] {Dag_detect_1FN_anomaly.py:91} INFO - Processing table: dataset_alias
[2024-09-10T13:44:46.366+0000] {Dag_detect_1FN_anomaly.py:98} INFO - No anomalies detected for table dataset_alias
[2024-09-10T13:44:46.367+0000] {Dag_detect_1FN_anomaly.py:91} INFO - Processing table: dataset_alias_dataset
[2024-09-10T13:44:46.656+0000] {Dag_detect_1FN_anomaly.py:98} INFO - No anomalies detected for table dataset_alias_dataset
[2024-09-10T13:44:46.658+0000] {Dag_detect_1FN_anomaly.py:91} INFO - Processing table: dataset
[2024-09-10T13:44:46.907+0000] {Dag_detect_1FN_anomaly.py:98} INFO - No anomalies detected for table dataset
[2024-09-10T13:44:46.912+0000] {Dag_detect_1FN_anomaly.py:91} INFO - Processing table: dataset_alias_dataset_event
[2024-09-10T13:44:47.167+0000] {Dag_detect_1FN_anomaly.py:98} INFO - No anomalies detected for table dataset_alias_dataset_event
[2024-09-10T13:44:47.168+0000] {Dag_detect_1FN_anomaly.py:91} INFO - Processing table: dataset_event
[2024-09-10T13:44:47.384+0000] {Dag_detect_1FN_anomaly.py:98} INFO - No anomalies detected for table dataset_event
[2024-09-10T13:44:47.385+0000] {Dag_detect_1FN_anomaly.py:91} INFO - Processing table: dag_schedule_dataset_alias_reference
[2024-09-10T13:44:47.694+0000] {Dag_detect_1FN_anomaly.py:98} INFO - No anomalies detected for table dag_schedule_dataset_alias_reference
[2024-09-10T13:44:47.694+0000] {Dag_detect_1FN_anomaly.py:91} INFO - Processing table: dag
[2024-09-10T13:44:47.970+0000] {Dag_detect_1FN_anomaly.py:95} INFO - Inserting 7 anomalies for table dag
[2024-09-10T13:44:48.952+0000] {Dag_detect_1FN_anomaly.py:91} INFO - Processing table: dag_schedule_dataset_reference
[2024-09-10T13:44:49.192+0000] {Dag_detect_1FN_anomaly.py:98} INFO - No anomalies detected for table dag_schedule_dataset_reference
[2024-09-10T13:44:49.193+0000] {Dag_detect_1FN_anomaly.py:91} INFO - Processing table: task_outlet_dataset_reference
[2024-09-10T13:44:49.464+0000] {Dag_detect_1FN_anomaly.py:98} INFO - No anomalies detected for table task_outlet_dataset_reference
[2024-09-10T13:44:49.470+0000] {Dag_detect_1FN_anomaly.py:91} INFO - Processing table: dataset_dag_run_queue
[2024-09-10T13:44:49.740+0000] {Dag_detect_1FN_anomaly.py:98} INFO - No anomalies detected for table dataset_dag_run_queue
[2024-09-10T13:44:49.740+0000] {Dag_detect_1FN_anomaly.py:91} INFO - Processing table: log_template
[2024-09-10T13:44:50.111+0000] {Dag_detect_1FN_anomaly.py:98} INFO - No anomalies detected for table log_template
[2024-09-10T13:44:50.113+0000] {Dag_detect_1FN_anomaly.py:91} INFO - Processing table: dag_run
[2024-09-10T13:44:50.602+0000] {Dag_detect_1FN_anomaly.py:98} INFO - No anomalies detected for table dag_run
[2024-09-10T13:44:50.607+0000] {Dag_detect_1FN_anomaly.py:91} INFO - Processing table: dag_tag
[2024-09-10T13:44:50.905+0000] {Dag_detect_1FN_anomaly.py:98} INFO - No anomalies detected for table dag_tag
[2024-09-10T13:44:50.905+0000] {Dag_detect_1FN_anomaly.py:91} INFO - Processing table: dag_owner_attributes
[2024-09-10T13:44:51.399+0000] {Dag_detect_1FN_anomaly.py:98} INFO - No anomalies detected for table dag_owner_attributes
[2024-09-10T13:44:51.400+0000] {Dag_detect_1FN_anomaly.py:91} INFO - Processing table: ab_permission
[2024-09-10T13:44:51.670+0000] {Dag_detect_1FN_anomaly.py:98} INFO - No anomalies detected for table ab_permission
[2024-09-10T13:44:51.671+0000] {Dag_detect_1FN_anomaly.py:91} INFO - Processing table: ab_permission_view
[2024-09-10T13:44:52.110+0000] {Dag_detect_1FN_anomaly.py:98} INFO - No anomalies detected for table ab_permission_view
[2024-09-10T13:44:52.119+0000] {Dag_detect_1FN_anomaly.py:91} INFO - Processing table: ab_view_menu
[2024-09-10T13:44:52.287+0000] {Dag_detect_1FN_anomaly.py:98} INFO - No anomalies detected for table ab_view_menu
[2024-09-10T13:44:52.288+0000] {Dag_detect_1FN_anomaly.py:91} INFO - Processing table: ab_user_role
[2024-09-10T13:44:52.527+0000] {logging_mixin.py:190} WARNING - /opt/airflow/dags/Dag_detect_1FN_anomaly.py:39 SAWarning: Skipped unsupported reflection of expression-based index idx_ab_user_username
[2024-09-10T13:44:52.545+0000] {Dag_detect_1FN_anomaly.py:98} INFO - No anomalies detected for table ab_user_role
[2024-09-10T13:44:52.545+0000] {Dag_detect_1FN_anomaly.py:91} INFO - Processing table: ab_role
[2024-09-10T13:44:52.729+0000] {Dag_detect_1FN_anomaly.py:98} INFO - No anomalies detected for table ab_role
[2024-09-10T13:44:52.730+0000] {Dag_detect_1FN_anomaly.py:91} INFO - Processing table: dag_warning
[2024-09-10T13:44:52.917+0000] {Dag_detect_1FN_anomaly.py:98} INFO - No anomalies detected for table dag_warning
[2024-09-10T13:44:52.918+0000] {Dag_detect_1FN_anomaly.py:91} INFO - Processing table: dagrun_dataset_event
[2024-09-10T13:44:53.366+0000] {Dag_detect_1FN_anomaly.py:98} INFO - No anomalies detected for table dagrun_dataset_event
[2024-09-10T13:44:53.367+0000] {Dag_detect_1FN_anomaly.py:91} INFO - Processing table: trigger
[2024-09-10T13:44:53.575+0000] {Dag_detect_1FN_anomaly.py:98} INFO - No anomalies detected for table trigger
[2024-09-10T13:44:53.576+0000] {Dag_detect_1FN_anomaly.py:91} INFO - Processing table: task_instance
[2024-09-10T13:44:59.749+0000] {Dag_detect_1FN_anomaly.py:98} INFO - No anomalies detected for table task_instance
[2024-09-10T13:44:59.750+0000] {Dag_detect_1FN_anomaly.py:91} INFO - Processing table: dag_run_note
[2024-09-10T13:45:00.072+0000] {logging_mixin.py:190} WARNING - /opt/airflow/dags/Dag_detect_1FN_anomaly.py:39 SAWarning: Skipped unsupported reflection of expression-based index idx_ab_user_username
[2024-09-10T13:45:00.094+0000] {Dag_detect_1FN_anomaly.py:98} INFO - No anomalies detected for table dag_run_note
[2024-09-10T13:45:00.095+0000] {Dag_detect_1FN_anomaly.py:91} INFO - Processing table: ab_permission_view_role
[2024-09-10T13:45:00.460+0000] {Dag_detect_1FN_anomaly.py:98} INFO - No anomalies detected for table ab_permission_view_role
[2024-09-10T13:45:00.461+0000] {Dag_detect_1FN_anomaly.py:91} INFO - Processing table: rendered_task_instance_fields
[2024-09-10T13:45:00.857+0000] {Dag_detect_1FN_anomaly.py:98} INFO - No anomalies detected for table rendered_task_instance_fields
[2024-09-10T13:45:00.858+0000] {Dag_detect_1FN_anomaly.py:91} INFO - Processing table: task_fail
[2024-09-10T13:45:01.308+0000] {Dag_detect_1FN_anomaly.py:98} INFO - No anomalies detected for table task_fail
[2024-09-10T13:45:01.309+0000] {Dag_detect_1FN_anomaly.py:91} INFO - Processing table: task_map
[2024-09-10T13:45:01.829+0000] {Dag_detect_1FN_anomaly.py:98} INFO - No anomalies detected for table task_map
[2024-09-10T13:45:01.831+0000] {Dag_detect_1FN_anomaly.py:91} INFO - Processing table: task_reschedule
[2024-09-10T13:45:02.740+0000] {Dag_detect_1FN_anomaly.py:98} INFO - No anomalies detected for table task_reschedule
[2024-09-10T13:45:02.748+0000] {Dag_detect_1FN_anomaly.py:91} INFO - Processing table: xcom
[2024-09-10T13:45:05.056+0000] {Dag_detect_1FN_anomaly.py:98} INFO - No anomalies detected for table xcom
[2024-09-10T13:45:05.089+0000] {Dag_detect_1FN_anomaly.py:91} INFO - Processing table: task_instance_note
[2024-09-10T13:45:06.373+0000] {logging_mixin.py:190} WARNING - /opt/airflow/dags/Dag_detect_1FN_anomaly.py:39 SAWarning: Skipped unsupported reflection of expression-based index idx_ab_user_username
[2024-09-10T13:45:06.480+0000] {Dag_detect_1FN_anomaly.py:98} INFO - No anomalies detected for table task_instance_note
[2024-09-10T13:45:06.482+0000] {Dag_detect_1FN_anomaly.py:91} INFO - Processing table: task_instance_history
[2024-09-10T13:45:07.719+0000] {Dag_detect_1FN_anomaly.py:98} INFO - No anomalies detected for table task_instance_history
[2024-09-10T13:45:07.721+0000] {Dag_detect_1FN_anomaly.py:91} INFO - Processing table: session
[2024-09-10T13:45:11.946+0000] {Dag_detect_1FN_anomaly.py:98} INFO - No anomalies detected for table session
[2024-09-10T13:45:11.984+0000] {Dag_detect_1FN_anomaly.py:91} INFO - Processing table: alembic_version
[2024-09-10T13:45:12.756+0000] {Dag_detect_1FN_anomaly.py:98} INFO - No anomalies detected for table alembic_version
[2024-09-10T13:45:12.757+0000] {Dag_detect_1FN_anomaly.py:91} INFO - Processing table: orders
[2024-09-10T13:45:15.125+0000] {Dag_detect_1FN_anomaly.py:98} INFO - No anomalies detected for table orders
[2024-09-10T13:45:15.127+0000] {Dag_detect_1FN_anomaly.py:91} INFO - Processing table: anomalieDetected
[2024-09-10T13:45:33.016+0000] {Dag_detect_1FN_anomaly.py:95} INFO - Inserting 111213 anomalies for table anomalieDetected
[2024-09-10T13:45:47.472+0000] {job.py:229} INFO - Heartbeat recovered after 14.18 seconds
[2024-09-10T13:55:18.208+0000] {job.py:239} ERROR - Job heartbeat failed with error
Traceback (most recent call last):
  File "/home/airflow/.local/lib/python3.12/site-packages/sqlalchemy/engine/base.py", line 3371, in _wrap_pool_connect
    return fn()
           ^^^^
  File "/home/airflow/.local/lib/python3.12/site-packages/sqlalchemy/pool/base.py", line 327, in connect
    return _ConnectionFairy._checkout(self)
           ^^^^^^^^^^^^^^^^^^^^^^^^^^^^^^^^
  File "/home/airflow/.local/lib/python3.12/site-packages/sqlalchemy/pool/base.py", line 894, in _checkout
    fairy = _ConnectionRecord.checkout(pool)
            ^^^^^^^^^^^^^^^^^^^^^^^^^^^^^^^^
  File "/home/airflow/.local/lib/python3.12/site-packages/sqlalchemy/pool/base.py", line 493, in checkout
    rec = pool._do_get()
          ^^^^^^^^^^^^^^
  File "/home/airflow/.local/lib/python3.12/site-packages/sqlalchemy/pool/impl.py", line 256, in _do_get
    return self._create_connection()
           ^^^^^^^^^^^^^^^^^^^^^^^^^
  File "/home/airflow/.local/lib/python3.12/site-packages/sqlalchemy/pool/base.py", line 273, in _create_connection
    return _ConnectionRecord(self)
           ^^^^^^^^^^^^^^^^^^^^^^^
  File "/home/airflow/.local/lib/python3.12/site-packages/sqlalchemy/pool/base.py", line 388, in __init__
    self.__connect()
  File "/home/airflow/.local/lib/python3.12/site-packages/sqlalchemy/pool/base.py", line 690, in __connect
    with util.safe_reraise():
  File "/home/airflow/.local/lib/python3.12/site-packages/sqlalchemy/util/langhelpers.py", line 70, in __exit__
    compat.raise_(
  File "/home/airflow/.local/lib/python3.12/site-packages/sqlalchemy/util/compat.py", line 211, in raise_
    raise exception
  File "/home/airflow/.local/lib/python3.12/site-packages/sqlalchemy/pool/base.py", line 686, in __connect
    self.dbapi_connection = connection = pool._invoke_creator(self)
                                         ^^^^^^^^^^^^^^^^^^^^^^^^^^
  File "/home/airflow/.local/lib/python3.12/site-packages/sqlalchemy/engine/create.py", line 574, in connect
    return dialect.connect(*cargs, **cparams)
           ^^^^^^^^^^^^^^^^^^^^^^^^^^^^^^^^^^
  File "/home/airflow/.local/lib/python3.12/site-packages/sqlalchemy/engine/default.py", line 598, in connect
    return self.dbapi.connect(*cargs, **cparams)
           ^^^^^^^^^^^^^^^^^^^^^^^^^^^^^^^^^^^^^
  File "/home/airflow/.local/lib/python3.12/site-packages/psycopg2/__init__.py", line 122, in connect
    conn = _connect(dsn, connection_factory=connection_factory, **kwasync)
           ^^^^^^^^^^^^^^^^^^^^^^^^^^^^^^^^^^^^^^^^^^^^^^^^^^^^^^^^^^^^^^^
psycopg2.OperationalError: could not translate host name "***" to address: Temporary failure in name resolution


The above exception was the direct cause of the following exception:

Traceback (most recent call last):
  File "/home/airflow/.local/lib/python3.12/site-packages/airflow/jobs/job.py", line 233, in heartbeat
    heartbeat_callback(session)
  File "/home/airflow/.local/lib/python3.12/site-packages/airflow/utils/session.py", line 94, in wrapper
    return func(*args, **kwargs)
           ^^^^^^^^^^^^^^^^^^^^^
  File "/home/airflow/.local/lib/python3.12/site-packages/airflow/jobs/local_task_job_runner.py", line 284, in heartbeat_callback
    self.task_instance.refresh_from_db()
  File "/home/airflow/.local/lib/python3.12/site-packages/airflow/utils/session.py", line 97, in wrapper
    return func(*args, session=session, **kwargs)
           ^^^^^^^^^^^^^^^^^^^^^^^^^^^^^^^^^^^^^^
  File "/home/airflow/.local/lib/python3.12/site-packages/airflow/models/taskinstance.py", line 2358, in refresh_from_db
    _refresh_from_db(task_instance=self, session=session, lock_for_update=lock_for_update)
  File "/home/airflow/.local/lib/python3.12/site-packages/airflow/models/taskinstance.py", line 872, in _refresh_from_db
    ti = TaskInstance.get_task_instance(
         ^^^^^^^^^^^^^^^^^^^^^^^^^^^^^^^
  File "/home/airflow/.local/lib/python3.12/site-packages/airflow/api_internal/internal_api_call.py", line 139, in wrapper
    return func(*args, **kwargs)
           ^^^^^^^^^^^^^^^^^^^^^
  File "/home/airflow/.local/lib/python3.12/site-packages/airflow/utils/session.py", line 94, in wrapper
    return func(*args, **kwargs)
           ^^^^^^^^^^^^^^^^^^^^^
  File "/home/airflow/.local/lib/python3.12/site-packages/airflow/models/taskinstance.py", line 2344, in get_task_instance
    return query.one_or_none()
           ^^^^^^^^^^^^^^^^^^^
  File "/home/airflow/.local/lib/python3.12/site-packages/sqlalchemy/orm/query.py", line 2850, in one_or_none
    return self._iter().one_or_none()
           ^^^^^^^^^^^^
  File "/home/airflow/.local/lib/python3.12/site-packages/sqlalchemy/orm/query.py", line 2916, in _iter
    result = self.session.execute(
             ^^^^^^^^^^^^^^^^^^^^^
  File "/home/airflow/.local/lib/python3.12/site-packages/sqlalchemy/orm/session.py", line 1716, in execute
    conn = self._connection_for_bind(bind)
           ^^^^^^^^^^^^^^^^^^^^^^^^^^^^^^^
  File "/home/airflow/.local/lib/python3.12/site-packages/sqlalchemy/orm/session.py", line 1555, in _connection_for_bind
    return self._transaction._connection_for_bind(
           ^^^^^^^^^^^^^^^^^^^^^^^^^^^^^^^^^^^^^^^
  File "/home/airflow/.local/lib/python3.12/site-packages/sqlalchemy/orm/session.py", line 750, in _connection_for_bind
    conn = bind.connect()
           ^^^^^^^^^^^^^^
  File "/home/airflow/.local/lib/python3.12/site-packages/sqlalchemy/future/engine.py", line 412, in connect
    return super(Engine, self).connect()
           ^^^^^^^^^^^^^^^^^^^^^^^^^^^^^
  File "/home/airflow/.local/lib/python3.12/site-packages/sqlalchemy/engine/base.py", line 3325, in connect
    return self._connection_cls(self, close_with_result=close_with_result)
           ^^^^^^^^^^^^^^^^^^^^^^^^^^^^^^^^^^^^^^^^^^^^^^^^^^^^^^^^^^^^^^^
  File "/home/airflow/.local/lib/python3.12/site-packages/sqlalchemy/engine/base.py", line 96, in __init__
    else engine.raw_connection()
         ^^^^^^^^^^^^^^^^^^^^^^^
  File "/home/airflow/.local/lib/python3.12/site-packages/sqlalchemy/engine/base.py", line 3404, in raw_connection
    return self._wrap_pool_connect(self.pool.connect, _connection)
           ^^^^^^^^^^^^^^^^^^^^^^^^^^^^^^^^^^^^^^^^^^^^^^^^^^^^^^^
  File "/home/airflow/.local/lib/python3.12/site-packages/sqlalchemy/engine/base.py", line 3374, in _wrap_pool_connect
    Connection._handle_dbapi_exception_noconnection(
  File "/home/airflow/.local/lib/python3.12/site-packages/sqlalchemy/engine/base.py", line 2208, in _handle_dbapi_exception_noconnection
    util.raise_(
  File "/home/airflow/.local/lib/python3.12/site-packages/sqlalchemy/util/compat.py", line 211, in raise_
    raise exception
  File "/home/airflow/.local/lib/python3.12/site-packages/sqlalchemy/engine/base.py", line 3371, in _wrap_pool_connect
    return fn()
           ^^^^
  File "/home/airflow/.local/lib/python3.12/site-packages/sqlalchemy/pool/base.py", line 327, in connect
    return _ConnectionFairy._checkout(self)
           ^^^^^^^^^^^^^^^^^^^^^^^^^^^^^^^^
  File "/home/airflow/.local/lib/python3.12/site-packages/sqlalchemy/pool/base.py", line 894, in _checkout
    fairy = _ConnectionRecord.checkout(pool)
            ^^^^^^^^^^^^^^^^^^^^^^^^^^^^^^^^
  File "/home/airflow/.local/lib/python3.12/site-packages/sqlalchemy/pool/base.py", line 493, in checkout
    rec = pool._do_get()
          ^^^^^^^^^^^^^^
  File "/home/airflow/.local/lib/python3.12/site-packages/sqlalchemy/pool/impl.py", line 256, in _do_get
    return self._create_connection()
           ^^^^^^^^^^^^^^^^^^^^^^^^^
  File "/home/airflow/.local/lib/python3.12/site-packages/sqlalchemy/pool/base.py", line 273, in _create_connection
    return _ConnectionRecord(self)
           ^^^^^^^^^^^^^^^^^^^^^^^
  File "/home/airflow/.local/lib/python3.12/site-packages/sqlalchemy/pool/base.py", line 388, in __init__
    self.__connect()
  File "/home/airflow/.local/lib/python3.12/site-packages/sqlalchemy/pool/base.py", line 690, in __connect
    with util.safe_reraise():
  File "/home/airflow/.local/lib/python3.12/site-packages/sqlalchemy/util/langhelpers.py", line 70, in __exit__
    compat.raise_(
  File "/home/airflow/.local/lib/python3.12/site-packages/sqlalchemy/util/compat.py", line 211, in raise_
    raise exception
  File "/home/airflow/.local/lib/python3.12/site-packages/sqlalchemy/pool/base.py", line 686, in __connect
    self.dbapi_connection = connection = pool._invoke_creator(self)
                                         ^^^^^^^^^^^^^^^^^^^^^^^^^^
  File "/home/airflow/.local/lib/python3.12/site-packages/sqlalchemy/engine/create.py", line 574, in connect
    return dialect.connect(*cargs, **cparams)
           ^^^^^^^^^^^^^^^^^^^^^^^^^^^^^^^^^^
  File "/home/airflow/.local/lib/python3.12/site-packages/sqlalchemy/engine/default.py", line 598, in connect
    return self.dbapi.connect(*cargs, **cparams)
           ^^^^^^^^^^^^^^^^^^^^^^^^^^^^^^^^^^^^^
  File "/home/airflow/.local/lib/python3.12/site-packages/psycopg2/__init__.py", line 122, in connect
    conn = _connect(dsn, connection_factory=connection_factory, **kwasync)
           ^^^^^^^^^^^^^^^^^^^^^^^^^^^^^^^^^^^^^^^^^^^^^^^^^^^^^^^^^^^^^^^
sqlalchemy.exc.OperationalError: (psycopg2.OperationalError) could not translate host name "***" to address: Temporary failure in name resolution

(Background on this error at: https://sqlalche.me/e/14/e3q8)
[2024-09-10T13:55:18.528+0000] {job.py:254} ERROR - Job heartbeat failed with error. Scheduler is in unhealthy state
[2024-09-10T13:55:24.046+0000] {job.py:229} INFO - Heartbeat recovered after 16.17 seconds
[2024-09-10T14:00:08.633+0000] {local_task_job_runner.py:266} INFO - Task exited with return code -9For more information, see https://airflow.apache.org/docs/apache-airflow/stable/troubleshooting.html#LocalTaskJob-killed
[2024-09-10T14:00:09.184+0000] {standard_task_runner.py:217} INFO - Process not found (most likely exited), stop collecting metrics
[2024-09-10T14:00:11.496+0000] {taskinstance.py:3900} INFO - 0 downstream tasks scheduled from follow-on schedule check
[2024-09-10T14:00:11.561+0000] {local_task_job_runner.py:245} INFO - ::endgroup::
