[2024-09-10T23:30:33.868+0000] {local_task_job_runner.py:123} INFO - ::group::Pre task execution logs
[2024-09-10T23:30:36.522+0000] {taskinstance.py:2612} INFO - Dependencies all met for dep_context=non-requeueable deps ti=<TaskInstance: detect_transaction_date_anomalies_dag.run_anomaly_detection scheduled__2024-09-10T23:25:00+00:00 [queued]>
[2024-09-10T23:30:36.875+0000] {taskinstance.py:2612} INFO - Dependencies all met for dep_context=requeueable deps ti=<TaskInstance: detect_transaction_date_anomalies_dag.run_anomaly_detection scheduled__2024-09-10T23:25:00+00:00 [queued]>
[2024-09-10T23:30:36.886+0000] {taskinstance.py:2865} INFO - Starting attempt 1 of 2
[2024-09-10T23:30:39.282+0000] {taskinstance.py:2888} INFO - Executing <Task(PythonOperator): run_anomaly_detection> on 2024-09-10 23:25:00+00:00
[2024-09-10T23:30:39.469+0000] {logging_mixin.py:190} WARNING - /home/airflow/.local/lib/python3.12/site-packages/airflow/task/task_runner/standard_task_runner.py:70 DeprecationWarning: This process (pid=2344) is multi-threaded, use of fork() may lead to deadlocks in the child.
[2024-09-10T23:30:39.419+0000] {standard_task_runner.py:104} INFO - Running: ['airflow', 'tasks', 'run', 'detect_transaction_date_anomalies_dag', 'run_anomaly_detection', 'scheduled__2024-09-10T23:25:00+00:00', '--job-id', '147', '--raw', '--subdir', 'DAGS_FOLDER/Dag-Transaction-Date-in-the-Paste.py', '--cfg-path', '/tmp/tmph3rbc4cf']
[2024-09-10T23:30:39.812+0000] {standard_task_runner.py:105} INFO - Job 147: Subtask run_anomaly_detection
[2024-09-10T23:30:39.783+0000] {standard_task_runner.py:72} INFO - Started process 2431 to run task
[2024-09-10T23:30:46.755+0000] {job.py:229} INFO - Heartbeat recovered after 18.15 seconds
[2024-09-10T23:30:48.476+0000] {task_command.py:467} INFO - Running <TaskInstance: detect_transaction_date_anomalies_dag.run_anomaly_detection scheduled__2024-09-10T23:25:00+00:00 [running]> on host 5cd9362923f6
[2024-09-10T23:30:54.420+0000] {taskinstance.py:3131} INFO - Exporting env vars: AIRFLOW_CTX_DAG_OWNER='airflow' AIRFLOW_CTX_DAG_ID='detect_transaction_date_anomalies_dag' AIRFLOW_CTX_TASK_ID='run_anomaly_detection' AIRFLOW_CTX_EXECUTION_DATE='2024-09-10T23:25:00+00:00' AIRFLOW_CTX_TRY_NUMBER='1' AIRFLOW_CTX_DAG_RUN_ID='scheduled__2024-09-10T23:25:00+00:00'
[2024-09-10T23:30:54.440+0000] {taskinstance.py:731} INFO - ::endgroup::
[2024-09-10T23:30:58.193+0000] {job.py:229} INFO - Heartbeat recovered after 11.53 seconds
[2024-09-10T23:31:00.008+0000] {Dag-Transaction-Date-in-the-Paste.py:103} ERROR - Error during anomaly detection: (psycopg2.errors.IoError) could not open file "base/152531/2601_vm": Input/output error

[SQL: 
              SELECT
                  i.relname as relname,
                  ix.indisunique, ix.indexprs,
                  a.attname, a.attnum, c.conrelid, ix.indkey::varchar,
                  ix.indoption::varchar, i.reloptions, am.amname,
                  pg_get_expr(ix.indpred, ix.indrelid),
                  ix.indnkeyatts as indnkeyatts
              FROM
                  pg_class t
                        join pg_index ix on t.oid = ix.indrelid
                        join pg_class i on i.oid = ix.indexrelid
                        left outer join
                            pg_attribute a
                            on t.oid = a.attrelid and a.attnum = ANY(ix.indkey)
                        left outer join
                            pg_constraint c
                            on (ix.indrelid = c.conrelid and
                                ix.indexrelid = c.conindid and
                                c.contype in ('p', 'u', 'x'))
                        left outer join
                            pg_am am
                            on i.relam = am.oid
              WHERE
                  t.relkind IN ('r', 'v', 'f', 'm', 'p')
                  and t.oid = %(table_oid)s
                  and ix.indisprimary = 'f'
              ORDER BY
                  t.relname,
                  i.relname
            ]
[parameters: {'table_oid': 153198}]
(Background on this error at: https://sqlalche.me/e/14/e3q8)
[2024-09-10T23:31:00.032+0000] {taskinstance.py:3310} ERROR - Task failed with exception
Traceback (most recent call last):
  File "/home/airflow/.local/lib/python3.12/site-packages/sqlalchemy/engine/base.py", line 1910, in _execute_context
    self.dialect.do_execute(
  File "/home/airflow/.local/lib/python3.12/site-packages/sqlalchemy/engine/default.py", line 736, in do_execute
    cursor.execute(statement, parameters)
psycopg2.errors.IoError: could not open file "base/152531/2601_vm": Input/output error


The above exception was the direct cause of the following exception:

Traceback (most recent call last):
  File "/home/airflow/.local/lib/python3.12/site-packages/airflow/models/taskinstance.py", line 767, in _execute_task
    result = _execute_callable(context=context, **execute_callable_kwargs)
             ^^^^^^^^^^^^^^^^^^^^^^^^^^^^^^^^^^^^^^^^^^^^^^^^^^^^^^^^^^^^^
  File "/home/airflow/.local/lib/python3.12/site-packages/airflow/models/taskinstance.py", line 733, in _execute_callable
    return ExecutionCallableRunner(
           ^^^^^^^^^^^^^^^^^^^^^^^^
  File "/home/airflow/.local/lib/python3.12/site-packages/airflow/utils/operator_helpers.py", line 252, in run
    return self.func(*args, **kwargs)
           ^^^^^^^^^^^^^^^^^^^^^^^^^^
  File "/home/airflow/.local/lib/python3.12/site-packages/airflow/models/baseoperator.py", line 406, in wrapper
    return func(self, *args, **kwargs)
           ^^^^^^^^^^^^^^^^^^^^^^^^^^^
  File "/home/airflow/.local/lib/python3.12/site-packages/airflow/operators/python.py", line 238, in execute
    return_value = self.execute_callable()
                   ^^^^^^^^^^^^^^^^^^^^^^^
  File "/home/airflow/.local/lib/python3.12/site-packages/airflow/operators/python.py", line 256, in execute_callable
    return runner.run(*self.op_args, **self.op_kwargs)
           ^^^^^^^^^^^^^^^^^^^^^^^^^^^^^^^^^^^^^^^^^^^
  File "/home/airflow/.local/lib/python3.12/site-packages/airflow/utils/operator_helpers.py", line 252, in run
    return self.func(*args, **kwargs)
           ^^^^^^^^^^^^^^^^^^^^^^^^^^
  File "/opt/airflow/dags/Dag-Transaction-Date-in-the-Paste.py", line 93, in run_anomaly_detection
    transactions = table_to_dataframe('transactions')
                   ^^^^^^^^^^^^^^^^^^^^^^^^^^^^^^^^^^
  File "/opt/airflow/dags/Dag-Transaction-Date-in-the-Paste.py", line 39, in table_to_dataframe
    table = Table(table_name, metadata, autoload_with=connection.engine, schema='public')
            ^^^^^^^^^^^^^^^^^^^^^^^^^^^^^^^^^^^^^^^^^^^^^^^^^^^^^^^^^^^^^^^^^^^^^^^^^^^^^
  File "<string>", line 2, in __new__
  File "/home/airflow/.local/lib/python3.12/site-packages/sqlalchemy/util/deprecations.py", line 375, in warned
    return fn(*args, **kwargs)
           ^^^^^^^^^^^^^^^^^^^
  File "/home/airflow/.local/lib/python3.12/site-packages/sqlalchemy/sql/schema.py", line 618, in __new__
    with util.safe_reraise():
  File "/home/airflow/.local/lib/python3.12/site-packages/sqlalchemy/util/langhelpers.py", line 70, in __exit__
    compat.raise_(
  File "/home/airflow/.local/lib/python3.12/site-packages/sqlalchemy/util/compat.py", line 211, in raise_
    raise exception
  File "/home/airflow/.local/lib/python3.12/site-packages/sqlalchemy/sql/schema.py", line 614, in __new__
    table._init(name, metadata, *args, **kw)
  File "/home/airflow/.local/lib/python3.12/site-packages/sqlalchemy/sql/schema.py", line 689, in _init
    self._autoload(
  File "/home/airflow/.local/lib/python3.12/site-packages/sqlalchemy/sql/schema.py", line 724, in _autoload
    conn_insp.reflect_table(
  File "/home/airflow/.local/lib/python3.12/site-packages/sqlalchemy/engine/reflection.py", line 795, in reflect_table
    self._reflect_fk(
  File "/home/airflow/.local/lib/python3.12/site-packages/sqlalchemy/engine/reflection.py", line 978, in _reflect_fk
    sa_schema.Table(
  File "<string>", line 2, in __new__
  File "/home/airflow/.local/lib/python3.12/site-packages/sqlalchemy/util/deprecations.py", line 375, in warned
    return fn(*args, **kwargs)
           ^^^^^^^^^^^^^^^^^^^
  File "/home/airflow/.local/lib/python3.12/site-packages/sqlalchemy/sql/schema.py", line 618, in __new__
    with util.safe_reraise():
  File "/home/airflow/.local/lib/python3.12/site-packages/sqlalchemy/util/langhelpers.py", line 70, in __exit__
    compat.raise_(
  File "/home/airflow/.local/lib/python3.12/site-packages/sqlalchemy/util/compat.py", line 211, in raise_
    raise exception
  File "/home/airflow/.local/lib/python3.12/site-packages/sqlalchemy/sql/schema.py", line 614, in __new__
    table._init(name, metadata, *args, **kw)
  File "/home/airflow/.local/lib/python3.12/site-packages/sqlalchemy/sql/schema.py", line 689, in _init
    self._autoload(
  File "/home/airflow/.local/lib/python3.12/site-packages/sqlalchemy/sql/schema.py", line 724, in _autoload
    conn_insp.reflect_table(
  File "/home/airflow/.local/lib/python3.12/site-packages/sqlalchemy/engine/reflection.py", line 807, in reflect_table
    self._reflect_indexes(
  File "/home/airflow/.local/lib/python3.12/site-packages/sqlalchemy/engine/reflection.py", line 1035, in _reflect_indexes
    indexes = self.get_indexes(table_name, schema)
              ^^^^^^^^^^^^^^^^^^^^^^^^^^^^^^^^^^^^
  File "/home/airflow/.local/lib/python3.12/site-packages/sqlalchemy/engine/reflection.py", line 605, in get_indexes
    return self.dialect.get_indexes(
           ^^^^^^^^^^^^^^^^^^^^^^^^^
  File "<string>", line 2, in get_indexes
  File "/home/airflow/.local/lib/python3.12/site-packages/sqlalchemy/engine/reflection.py", line 55, in cache
    ret = fn(self, con, *args, **kw)
          ^^^^^^^^^^^^^^^^^^^^^^^^^^
  File "/home/airflow/.local/lib/python3.12/site-packages/sqlalchemy/dialects/postgresql/base.py", line 4458, in get_indexes
    c = connection.execute(t, dict(table_oid=table_oid))
        ^^^^^^^^^^^^^^^^^^^^^^^^^^^^^^^^^^^^^^^^^^^^^^^^
  File "/home/airflow/.local/lib/python3.12/site-packages/sqlalchemy/engine/base.py", line 1385, in execute
    return meth(self, multiparams, params, _EMPTY_EXECUTION_OPTS)
           ^^^^^^^^^^^^^^^^^^^^^^^^^^^^^^^^^^^^^^^^^^^^^^^^^^^^^^
  File "/home/airflow/.local/lib/python3.12/site-packages/sqlalchemy/sql/elements.py", line 334, in _execute_on_connection
    return connection._execute_clauseelement(
           ^^^^^^^^^^^^^^^^^^^^^^^^^^^^^^^^^^
  File "/home/airflow/.local/lib/python3.12/site-packages/sqlalchemy/engine/base.py", line 1577, in _execute_clauseelement
    ret = self._execute_context(
          ^^^^^^^^^^^^^^^^^^^^^^
  File "/home/airflow/.local/lib/python3.12/site-packages/sqlalchemy/engine/base.py", line 1953, in _execute_context
    self._handle_dbapi_exception(
  File "/home/airflow/.local/lib/python3.12/site-packages/sqlalchemy/engine/base.py", line 2134, in _handle_dbapi_exception
    util.raise_(
  File "/home/airflow/.local/lib/python3.12/site-packages/sqlalchemy/util/compat.py", line 211, in raise_
    raise exception
  File "/home/airflow/.local/lib/python3.12/site-packages/sqlalchemy/engine/base.py", line 1910, in _execute_context
    self.dialect.do_execute(
  File "/home/airflow/.local/lib/python3.12/site-packages/sqlalchemy/engine/default.py", line 736, in do_execute
    cursor.execute(statement, parameters)
sqlalchemy.exc.OperationalError: (psycopg2.errors.IoError) could not open file "base/152531/2601_vm": Input/output error

[SQL: 
              SELECT
                  i.relname as relname,
                  ix.indisunique, ix.indexprs,
                  a.attname, a.attnum, c.conrelid, ix.indkey::varchar,
                  ix.indoption::varchar, i.reloptions, am.amname,
                  pg_get_expr(ix.indpred, ix.indrelid),
                  ix.indnkeyatts as indnkeyatts
              FROM
                  pg_class t
                        join pg_index ix on t.oid = ix.indrelid
                        join pg_class i on i.oid = ix.indexrelid
                        left outer join
                            pg_attribute a
                            on t.oid = a.attrelid and a.attnum = ANY(ix.indkey)
                        left outer join
                            pg_constraint c
                            on (ix.indrelid = c.conrelid and
                                ix.indexrelid = c.conindid and
                                c.contype in ('p', 'u', 'x'))
                        left outer join
                            pg_am am
                            on i.relam = am.oid
              WHERE
                  t.relkind IN ('r', 'v', 'f', 'm', 'p')
                  and t.oid = %(table_oid)s
                  and ix.indisprimary = 'f'
              ORDER BY
                  t.relname,
                  i.relname
            ]
[parameters: {'table_oid': 153198}]
(Background on this error at: https://sqlalche.me/e/14/e3q8)
[2024-09-10T23:31:01.953+0000] {taskinstance.py:1225} INFO - Marking task as UP_FOR_RETRY. dag_id=detect_transaction_date_anomalies_dag, task_id=run_anomaly_detection, run_id=scheduled__2024-09-10T23:25:00+00:00, execution_date=20240910T232500, start_date=20240910T233036, end_date=20240910T233101
[2024-09-10T23:31:02.685+0000] {taskinstance.py:340} INFO - ::group::Post task execution logs
[2024-09-10T23:31:02.694+0000] {standard_task_runner.py:124} ERROR - Failed to execute job 147 for task run_anomaly_detection ((psycopg2.errors.IoError) could not open file "base/152531/2601_vm": Input/output error

[SQL: 
              SELECT
                  i.relname as relname,
                  ix.indisunique, ix.indexprs,
                  a.attname, a.attnum, c.conrelid, ix.indkey::varchar,
                  ix.indoption::varchar, i.reloptions, am.amname,
                  pg_get_expr(ix.indpred, ix.indrelid),
                  ix.indnkeyatts as indnkeyatts
              FROM
                  pg_class t
                        join pg_index ix on t.oid = ix.indrelid
                        join pg_class i on i.oid = ix.indexrelid
                        left outer join
                            pg_attribute a
                            on t.oid = a.attrelid and a.attnum = ANY(ix.indkey)
                        left outer join
                            pg_constraint c
                            on (ix.indrelid = c.conrelid and
                                ix.indexrelid = c.conindid and
                                c.contype in ('p', 'u', 'x'))
                        left outer join
                            pg_am am
                            on i.relam = am.oid
              WHERE
                  t.relkind IN ('r', 'v', 'f', 'm', 'p')
                  and t.oid = %(table_oid)s
                  and ix.indisprimary = 'f'
              ORDER BY
                  t.relname,
                  i.relname
            ]
[parameters: {'table_oid': 153198}]
(Background on this error at: https://sqlalche.me/e/14/e3q8); 2431)
Traceback (most recent call last):
  File "/home/airflow/.local/lib/python3.12/site-packages/sqlalchemy/engine/base.py", line 1910, in _execute_context
    self.dialect.do_execute(
  File "/home/airflow/.local/lib/python3.12/site-packages/sqlalchemy/engine/default.py", line 736, in do_execute
    cursor.execute(statement, parameters)
psycopg2.errors.IoError: could not open file "base/152531/2601_vm": Input/output error


The above exception was the direct cause of the following exception:

Traceback (most recent call last):
  File "/home/airflow/.local/lib/python3.12/site-packages/airflow/task/task_runner/standard_task_runner.py", line 117, in _start_by_fork
    ret = args.func(args, dag=self.dag)
          ^^^^^^^^^^^^^^^^^^^^^^^^^^^^^
  File "/home/airflow/.local/lib/python3.12/site-packages/airflow/cli/cli_config.py", line 49, in command
    return func(*args, **kwargs)
           ^^^^^^^^^^^^^^^^^^^^^
  File "/home/airflow/.local/lib/python3.12/site-packages/airflow/utils/cli.py", line 115, in wrapper
    return f(*args, **kwargs)
           ^^^^^^^^^^^^^^^^^^
  File "/home/airflow/.local/lib/python3.12/site-packages/airflow/cli/commands/task_command.py", line 483, in task_run
    task_return_code = _run_task_by_selected_method(args, _dag, ti)
                       ^^^^^^^^^^^^^^^^^^^^^^^^^^^^^^^^^^^^^^^^^^^^
  File "/home/airflow/.local/lib/python3.12/site-packages/airflow/cli/commands/task_command.py", line 256, in _run_task_by_selected_method
    return _run_raw_task(args, ti)
           ^^^^^^^^^^^^^^^^^^^^^^^
  File "/home/airflow/.local/lib/python3.12/site-packages/airflow/cli/commands/task_command.py", line 341, in _run_raw_task
    return ti._run_raw_task(
           ^^^^^^^^^^^^^^^^^
  File "/home/airflow/.local/lib/python3.12/site-packages/airflow/utils/session.py", line 97, in wrapper
    return func(*args, session=session, **kwargs)
           ^^^^^^^^^^^^^^^^^^^^^^^^^^^^^^^^^^^^^^
  File "/home/airflow/.local/lib/python3.12/site-packages/airflow/models/taskinstance.py", line 3004, in _run_raw_task
    return _run_raw_task(
           ^^^^^^^^^^^^^^
  File "/home/airflow/.local/lib/python3.12/site-packages/airflow/models/taskinstance.py", line 273, in _run_raw_task
    TaskInstance._execute_task_with_callbacks(
  File "/home/airflow/.local/lib/python3.12/site-packages/airflow/models/taskinstance.py", line 3158, in _execute_task_with_callbacks
    result = self._execute_task(context, task_orig)
             ^^^^^^^^^^^^^^^^^^^^^^^^^^^^^^^^^^^^^^
  File "/home/airflow/.local/lib/python3.12/site-packages/airflow/models/taskinstance.py", line 3182, in _execute_task
    return _execute_task(self, context, task_orig)
           ^^^^^^^^^^^^^^^^^^^^^^^^^^^^^^^^^^^^^^^
  File "/home/airflow/.local/lib/python3.12/site-packages/airflow/models/taskinstance.py", line 767, in _execute_task
    result = _execute_callable(context=context, **execute_callable_kwargs)
             ^^^^^^^^^^^^^^^^^^^^^^^^^^^^^^^^^^^^^^^^^^^^^^^^^^^^^^^^^^^^^
  File "/home/airflow/.local/lib/python3.12/site-packages/airflow/models/taskinstance.py", line 733, in _execute_callable
    return ExecutionCallableRunner(
           ^^^^^^^^^^^^^^^^^^^^^^^^
  File "/home/airflow/.local/lib/python3.12/site-packages/airflow/utils/operator_helpers.py", line 252, in run
    return self.func(*args, **kwargs)
           ^^^^^^^^^^^^^^^^^^^^^^^^^^
  File "/home/airflow/.local/lib/python3.12/site-packages/airflow/models/baseoperator.py", line 406, in wrapper
    return func(self, *args, **kwargs)
           ^^^^^^^^^^^^^^^^^^^^^^^^^^^
  File "/home/airflow/.local/lib/python3.12/site-packages/airflow/operators/python.py", line 238, in execute
    return_value = self.execute_callable()
                   ^^^^^^^^^^^^^^^^^^^^^^^
  File "/home/airflow/.local/lib/python3.12/site-packages/airflow/operators/python.py", line 256, in execute_callable
    return runner.run(*self.op_args, **self.op_kwargs)
           ^^^^^^^^^^^^^^^^^^^^^^^^^^^^^^^^^^^^^^^^^^^
  File "/home/airflow/.local/lib/python3.12/site-packages/airflow/utils/operator_helpers.py", line 252, in run
    return self.func(*args, **kwargs)
           ^^^^^^^^^^^^^^^^^^^^^^^^^^
  File "/opt/airflow/dags/Dag-Transaction-Date-in-the-Paste.py", line 93, in run_anomaly_detection
    transactions = table_to_dataframe('transactions')
                   ^^^^^^^^^^^^^^^^^^^^^^^^^^^^^^^^^^
  File "/opt/airflow/dags/Dag-Transaction-Date-in-the-Paste.py", line 39, in table_to_dataframe
    table = Table(table_name, metadata, autoload_with=connection.engine, schema='public')
            ^^^^^^^^^^^^^^^^^^^^^^^^^^^^^^^^^^^^^^^^^^^^^^^^^^^^^^^^^^^^^^^^^^^^^^^^^^^^^
  File "<string>", line 2, in __new__
  File "/home/airflow/.local/lib/python3.12/site-packages/sqlalchemy/util/deprecations.py", line 375, in warned
    return fn(*args, **kwargs)
           ^^^^^^^^^^^^^^^^^^^
  File "/home/airflow/.local/lib/python3.12/site-packages/sqlalchemy/sql/schema.py", line 618, in __new__
    with util.safe_reraise():
  File "/home/airflow/.local/lib/python3.12/site-packages/sqlalchemy/util/langhelpers.py", line 70, in __exit__
    compat.raise_(
  File "/home/airflow/.local/lib/python3.12/site-packages/sqlalchemy/util/compat.py", line 211, in raise_
    raise exception
  File "/home/airflow/.local/lib/python3.12/site-packages/sqlalchemy/sql/schema.py", line 614, in __new__
    table._init(name, metadata, *args, **kw)
  File "/home/airflow/.local/lib/python3.12/site-packages/sqlalchemy/sql/schema.py", line 689, in _init
    self._autoload(
  File "/home/airflow/.local/lib/python3.12/site-packages/sqlalchemy/sql/schema.py", line 724, in _autoload
    conn_insp.reflect_table(
  File "/home/airflow/.local/lib/python3.12/site-packages/sqlalchemy/engine/reflection.py", line 795, in reflect_table
    self._reflect_fk(
  File "/home/airflow/.local/lib/python3.12/site-packages/sqlalchemy/engine/reflection.py", line 978, in _reflect_fk
    sa_schema.Table(
  File "<string>", line 2, in __new__
  File "/home/airflow/.local/lib/python3.12/site-packages/sqlalchemy/util/deprecations.py", line 375, in warned
    return fn(*args, **kwargs)
           ^^^^^^^^^^^^^^^^^^^
  File "/home/airflow/.local/lib/python3.12/site-packages/sqlalchemy/sql/schema.py", line 618, in __new__
    with util.safe_reraise():
  File "/home/airflow/.local/lib/python3.12/site-packages/sqlalchemy/util/langhelpers.py", line 70, in __exit__
    compat.raise_(
  File "/home/airflow/.local/lib/python3.12/site-packages/sqlalchemy/util/compat.py", line 211, in raise_
    raise exception
  File "/home/airflow/.local/lib/python3.12/site-packages/sqlalchemy/sql/schema.py", line 614, in __new__
    table._init(name, metadata, *args, **kw)
  File "/home/airflow/.local/lib/python3.12/site-packages/sqlalchemy/sql/schema.py", line 689, in _init
    self._autoload(
  File "/home/airflow/.local/lib/python3.12/site-packages/sqlalchemy/sql/schema.py", line 724, in _autoload
    conn_insp.reflect_table(
  File "/home/airflow/.local/lib/python3.12/site-packages/sqlalchemy/engine/reflection.py", line 807, in reflect_table
    self._reflect_indexes(
  File "/home/airflow/.local/lib/python3.12/site-packages/sqlalchemy/engine/reflection.py", line 1035, in _reflect_indexes
    indexes = self.get_indexes(table_name, schema)
              ^^^^^^^^^^^^^^^^^^^^^^^^^^^^^^^^^^^^
  File "/home/airflow/.local/lib/python3.12/site-packages/sqlalchemy/engine/reflection.py", line 605, in get_indexes
    return self.dialect.get_indexes(
           ^^^^^^^^^^^^^^^^^^^^^^^^^
  File "<string>", line 2, in get_indexes
  File "/home/airflow/.local/lib/python3.12/site-packages/sqlalchemy/engine/reflection.py", line 55, in cache
    ret = fn(self, con, *args, **kw)
          ^^^^^^^^^^^^^^^^^^^^^^^^^^
  File "/home/airflow/.local/lib/python3.12/site-packages/sqlalchemy/dialects/postgresql/base.py", line 4458, in get_indexes
    c = connection.execute(t, dict(table_oid=table_oid))
        ^^^^^^^^^^^^^^^^^^^^^^^^^^^^^^^^^^^^^^^^^^^^^^^^
  File "/home/airflow/.local/lib/python3.12/site-packages/sqlalchemy/engine/base.py", line 1385, in execute
    return meth(self, multiparams, params, _EMPTY_EXECUTION_OPTS)
           ^^^^^^^^^^^^^^^^^^^^^^^^^^^^^^^^^^^^^^^^^^^^^^^^^^^^^^
  File "/home/airflow/.local/lib/python3.12/site-packages/sqlalchemy/sql/elements.py", line 334, in _execute_on_connection
    return connection._execute_clauseelement(
           ^^^^^^^^^^^^^^^^^^^^^^^^^^^^^^^^^^
  File "/home/airflow/.local/lib/python3.12/site-packages/sqlalchemy/engine/base.py", line 1577, in _execute_clauseelement
    ret = self._execute_context(
          ^^^^^^^^^^^^^^^^^^^^^^
  File "/home/airflow/.local/lib/python3.12/site-packages/sqlalchemy/engine/base.py", line 1953, in _execute_context
    self._handle_dbapi_exception(
  File "/home/airflow/.local/lib/python3.12/site-packages/sqlalchemy/engine/base.py", line 2134, in _handle_dbapi_exception
    util.raise_(
  File "/home/airflow/.local/lib/python3.12/site-packages/sqlalchemy/util/compat.py", line 211, in raise_
    raise exception
  File "/home/airflow/.local/lib/python3.12/site-packages/sqlalchemy/engine/base.py", line 1910, in _execute_context
    self.dialect.do_execute(
  File "/home/airflow/.local/lib/python3.12/site-packages/sqlalchemy/engine/default.py", line 736, in do_execute
    cursor.execute(statement, parameters)
sqlalchemy.exc.OperationalError: (psycopg2.errors.IoError) could not open file "base/152531/2601_vm": Input/output error

[SQL: 
              SELECT
                  i.relname as relname,
                  ix.indisunique, ix.indexprs,
                  a.attname, a.attnum, c.conrelid, ix.indkey::varchar,
                  ix.indoption::varchar, i.reloptions, am.amname,
                  pg_get_expr(ix.indpred, ix.indrelid),
                  ix.indnkeyatts as indnkeyatts
              FROM
                  pg_class t
                        join pg_index ix on t.oid = ix.indrelid
                        join pg_class i on i.oid = ix.indexrelid
                        left outer join
                            pg_attribute a
                            on t.oid = a.attrelid and a.attnum = ANY(ix.indkey)
                        left outer join
                            pg_constraint c
                            on (ix.indrelid = c.conrelid and
                                ix.indexrelid = c.conindid and
                                c.contype in ('p', 'u', 'x'))
                        left outer join
                            pg_am am
                            on i.relam = am.oid
              WHERE
                  t.relkind IN ('r', 'v', 'f', 'm', 'p')
                  and t.oid = %(table_oid)s
                  and ix.indisprimary = 'f'
              ORDER BY
                  t.relname,
                  i.relname
            ]
[parameters: {'table_oid': 153198}]
(Background on this error at: https://sqlalche.me/e/14/e3q8)
[2024-09-10T23:31:02.775+0000] {local_task_job_runner.py:266} INFO - Task exited with return code 1
[2024-09-10T23:31:03.584+0000] {taskinstance.py:3900} INFO - 0 downstream tasks scheduled from follow-on schedule check
[2024-09-10T23:31:03.591+0000] {local_task_job_runner.py:245} INFO - ::endgroup::
